
> @x-monorepo/web-ele@5.5.9 typecheck /Users/xera/GitHub/x-monorepo/apps/web-ele
> vue-tsc --noEmit --skipLibCheck

src/components/cropper/cropper-avatar.vue(21,3): error TS2322: Type '() => {}' is not assignable to type 'InferDefault<LooseRequired<CropperAvatarProps>, ButtonProps | undefined>'.
  Type '{}' is not assignable to type '{ readonly dark: boolean; readonly link: boolean; readonly type: EpPropMergeType<StringConstructor, "" | "primary" | "default" | "text" | "warning" | "success" | "info" | "danger", unknown>; ... 5 more ...; readonly bg: boolean; } & { ...; }'.
    Type '{}' is missing the following properties from type '{ readonly dark: boolean; readonly link: boolean; readonly type: EpPropMergeType<StringConstructor, "" | "primary" | "default" | "text" | "warning" | "success" | "info" | "danger", unknown>; ... 5 more ...; readonly bg: boolean; }': dark, link, type, circle, and 5 more.
src/components/upload/file-upload.vue(50,7): error TS6133: 'uploadRef' is declared but its value is never read.
src/components/upload/input-upload.vue(67,8): error TS2345: Argument of type '{ accept?: string[]; api?: (file: File, onUploadProgress?: AxiosProgressEvent) => Promise<AxiosResponse<any>>; ... 11 more ...; onReturnText: any; }' is not assignable to parameter of type '{ readonly autoUpload?: boolean | undefined; readonly directory?: string | undefined; readonly disabled?: boolean | undefined; readonly drag?: boolean | undefined; readonly fileSize?: number | undefined; ... 4 more ...; readonly "onUpdate:modelValue"?: ((...args: any[]) => any) | undefined; } & VNodeProps & AllowedC...'.
  Property 'modelValue' is missing in type '{ accept?: string[]; api?: (file: File, onUploadProgress?: AxiosProgressEvent) => Promise<AxiosResponse<any>>; ... 11 more ...; onReturnText: any; }' but required in type '{ readonly autoUpload?: boolean | undefined; readonly directory?: string | undefined; readonly disabled?: boolean | undefined; readonly drag?: boolean | undefined; readonly fileSize?: number | undefined; ... 4 more ...; readonly "onUpdate:modelValue"?: ((...args: any[]) => any) | undefined; }'.
src/store/mall/kefu.ts(54,50): error TS2339: Property 'find' does not exist on type 'never'.
src/store/mall/kefu.ts(55,10): error TS7006: Parameter 'item' implicitly has an 'any' type.
src/store/mall/kefu.ts(68,45): error TS2339: Property 'push' does not exist on type 'never'.
src/utils/tree.ts(52,34): error TS2538: Type 'undefined' cannot be used as an index type.
src/utils/tree.ts(61,9): error TS2304: Cannot find name 'Fn'.
src/utils/tree.ts(69,29): error TS2538: Type 'undefined' cannot be used as an index type.
src/utils/tree.ts(79,9): error TS2304: Cannot find name 'Fn'.
src/utils/tree.ts(88,29): error TS2538: Type 'undefined' cannot be used as an index type.
src/utils/tree.ts(98,9): error TS2304: Cannot find name 'Fn'.
src/utils/tree.ts(113,31): error TS2538: Type 'undefined' cannot be used as an index type.
src/utils/tree.ts(128,9): error TS2304: Cannot find name 'Fn'.
src/utils/tree.ts(144,31): error TS2538: Type 'undefined' cannot be used as an index type.
src/utils/tree.ts(199,41): error TS2304: Cannot find name 'Fn'.
src/utils/tree.ts(209,75): error TS2304: Cannot find name 'Fn'.
src/utils/tree.ts(235,54): error TS2304: Cannot find name 'Fn'.
src/utils/tree.ts(274,7): error TS7053: Element implicitly has an 'any' type because expression of type 'any' can't be used to index type '{}'.
src/utils/tree.ts(275,7): error TS7053: Element implicitly has an 'any' type because expression of type 'any' can't be used to index type '{}'.
src/utils/tree.ts(277,7): error TS7053: Element implicitly has an 'any' type because expression of type 'any' can't be used to index type '{}'.
src/utils/tree.ts(279,5): error TS7053: Element implicitly has an 'any' type because expression of type 'any' can't be used to index type '{}'.
src/utils/tree.ts(280,5): error TS7053: Element implicitly has an 'any' type because expression of type 'any' can't be used to index type '{}'.
src/utils/tree.ts(285,9): error TS7053: Element implicitly has an 'any' type because expression of type 'any' can't be used to index type '{}'.
src/utils/tree.ts(285,39): error TS7053: Element implicitly has an 'any' type because expression of type 'any' can't be used to index type '{}'.
src/utils/tree.ts(294,32): error TS7006: Parameter 'o' implicitly has an 'any' type.
src/utils/tree.ts(295,9): error TS7053: Element implicitly has an 'any' type because expression of type 'any' can't be used to index type '{}'.
src/utils/tree.ts(296,32): error TS7053: Element implicitly has an 'any' type because expression of type 'any' can't be used to index type '{}'.
src/utils/tree.ts(324,20): error TS7006: Parameter 'item' implicitly has an 'any' type.
src/utils/tree.ts(332,38): error TS7006: Parameter 'father' implicitly has an 'any' type.
src/utils/tree.ts(333,41): error TS7006: Parameter 'child' implicitly has an 'any' type.
src/utils/tree.ts(405,43): error TS7006: Parameter 'nodeId' implicitly has an 'any' type.
src/utils/tree.ts(417,39): error TS7006: Parameter 'arr' implicitly has an 'any' type.
src/views/_core/profile/password-setting.vue(10,7): error TS6133: 'profilePasswordSettingRef' is declared but its value is never read.
src/views/ai/chat/index/modules/message/knowledge.vue(26,7): error TS6133: 'documentRef' is declared but its value is never read.
src/views/ai/image/index/index.vue(24,7): error TS6133: 'commonRef' is declared but its value is never read.
src/views/ai/image/index/modules/card.vue(22,7): error TS6133: 'cardImageRef' is declared but its value is never read.
src/views/ai/image/index/modules/list.vue(36,7): error TS6133: 'imageListRef' is declared but its value is never read.
src/views/ai/knowledge/document/form/modules/split-step.vue(232,36): error TS2345: Argument of type 'string | number' is not assignable to parameter of type 'number'.
  Type 'string' is not assignable to type 'number'.
src/views/ai/knowledge/document/form/modules/split-step.vue(263,21): error TS2365: Operator '+' cannot be applied to types 'string | number' and 'number'.
src/views/ai/knowledge/document/form/modules/upload-step.vue(31,7): error TS6133: 'formRef' is declared but its value is never read.
src/views/ai/knowledge/document/form/modules/upload-step.vue(32,7): error TS6133: 'uploadRef' is declared but its value is never read.
src/views/ai/knowledge/document/form/modules/upload-step.vue(127,24): error TS2345: Argument of type '{ percent: number; }' is not assignable to parameter of type 'UploadProgressEvent'.
  Type '{ percent: number; }' is missing the following properties from type 'UploadProgressEvent': lengthComputable, loaded, target, total, and 21 more.
src/views/ai/knowledge/document/form/modules/upload-step.vue(249,34): error TS2345: Argument of type 'string | number' is not assignable to parameter of type 'number'.
  Type 'string' is not assignable to type 'number'.
src/views/ai/workflow/form/modules/basic-info.vue(60,12): error TS2322: Type 'string | number | boolean' is not assignable to type 'PropertyKey | undefined'.
  Type 'false' is not assignable to type 'PropertyKey | undefined'.
src/views/bpm/components/simple-process-design/components/nodes-config/child-process-node-config.vue(53,57): error TS6133: 'inputRef' is declared but its value is never read.
src/views/bpm/components/simple-process-design/components/nodes-config/copy-task-node-config.vue(76,57): error TS6133: 'inputRef' is declared but its value is never read.
src/views/bpm/components/simple-process-design/components/nodes-config/copy-task-node-config.vue(286,19): error TS2353: Object literal may only specify known properties, and 'value' does not exist in type 'TreeOptionProps'.
src/views/bpm/components/simple-process-design/components/nodes-config/delay-timer-node-config.vue(45,57): error TS6133: 'inputRef' is declared but its value is never read.
src/views/bpm/components/simple-process-design/components/nodes-config/modules/condition.vue(190,76): error TS2345: Argument of type 'string | number' is not assignable to parameter of type 'number'.
  Type 'string' is not assignable to type 'number'.
src/views/bpm/components/simple-process-design/components/nodes-config/modules/condition.vue(278,54): error TS2345: Argument of type 'string | number' is not assignable to parameter of type 'number'.
  Type 'string' is not assignable to type 'number'.
src/views/bpm/components/simple-process-design/components/nodes-config/modules/condition.vue(283,57): error TS2345: Argument of type 'string | number' is not assignable to parameter of type 'number'.
  Type 'string' is not assignable to type 'number'.
src/views/bpm/components/simple-process-design/components/nodes-config/modules/http-request-setting.vue(151,68): error TS2345: Argument of type 'string | number' is not assignable to parameter of type 'number'.
  Type 'string' is not assignable to type 'number'.
src/views/bpm/components/simple-process-design/components/nodes-config/router-node-config.vue(43,57): error TS6133: 'inputRef' is declared but its value is never read.
src/views/bpm/components/simple-process-design/components/nodes-config/start-user-node-config.vue(54,57): error TS6133: 'inputRef' is declared but its value is never read.
src/views/bpm/components/simple-process-design/components/nodes-config/trigger-node-config.vue(74,57): error TS6133: 'inputRef' is declared but its value is never read.
src/views/bpm/components/simple-process-design/components/nodes-config/user-task-node-config.vue(112,57): error TS6133: 'inputRef' is declared but its value is never read.
src/views/bpm/components/simple-process-design/components/nodes/child-process-node.vue(34,48): error TS6133: 'inputRef' is declared but its value is never read.
src/views/bpm/components/simple-process-design/components/nodes/copy-task-node.vue(34,48): error TS6133: 'inputRef' is declared but its value is never read.
src/views/bpm/components/simple-process-design/components/nodes/delay-timer-node.vue(32,48): error TS6133: 'inputRef' is declared but its value is never read.
src/views/bpm/components/simple-process-design/components/nodes/router-node.vue(35,48): error TS6133: 'inputRef' is declared but its value is never read.
src/views/bpm/components/simple-process-design/components/nodes/start-user-node.vue(40,48): error TS6133: 'inputRef' is declared but its value is never read.
src/views/bpm/components/simple-process-design/components/nodes/trigger-node.vue(37,48): error TS6133: 'inputRef' is declared but its value is never read.
src/views/bpm/components/simple-process-design/components/nodes/user-task-node.vue(40,48): error TS6133: 'inputRef' is declared but its value is never read.
src/views/bpm/processInstance/create/modules/form.vue(81,7): error TS6133: 'timelineRef' is declared but its value is never read.
src/views/bpm/processInstance/detail/modules/operation-button.vue(109,7): error TS6133: 'approveSignFormRef' is declared but its value is never read.
src/views/bpm/task/manager/index.vue(72,49): error TS2345: Argument of type 'Task' is not assignable to parameter of type 'TaskManager'.
  Type 'Task' is missing the following properties from type 'TaskManager': createTime, endTime, durationInMillis, reason, and 15 more.
src/views/crm/backlog/modules/receivable-audit-list.vue(97,16): error TS2551: Property 'contractNo' does not exist on type 'Receivable'. Did you mean 'contract'?
src/views/crm/permission/modules/transfer-form.vue(69,66): error TS2694: Namespace '"/Users/xera/GitHub/x-monorepo/apps/web-ele/src/api/crm/permission/index".CrmPermissionApi' has no exported member 'TransferReq'.
src/views/crm/receivable/components/detail-list.vue(72,47): error TS2694: Namespace '"/Users/xera/GitHub/x-monorepo/apps/web-ele/src/api/crm/receivable/index".CrmReceivableApi' has no exported member 'ReceivablePageParam'.
src/views/crm/receivable/plan/components/detail-list.vue(74,51): error TS2694: Namespace '"/Users/xera/GitHub/x-monorepo/apps/web-ele/src/api/crm/receivable/plan/index".CrmReceivablePlanApi' has no exported member 'PlanPageParam'.
src/views/erp/finance/payment/modules/item-form.vue(133,7): error TS2322: Type 'number | undefined' is not assignable to type 'number'.
  Type 'undefined' is not assignable to type 'number'.
src/views/erp/finance/payment/modules/item-form.vue(135,7): error TS2322: Type 'string | undefined' is not assignable to type 'string'.
  Type 'undefined' is not assignable to type 'string'.
src/views/erp/finance/payment/modules/item-form.vue(136,7): error TS2322: Type 'number | undefined' is not assignable to type 'number'.
  Type 'undefined' is not assignable to type 'number'.
src/views/erp/finance/payment/modules/item-form.vue(137,7): error TS2322: Type 'number | undefined' is not assignable to type 'number'.
  Type 'undefined' is not assignable to type 'number'.
src/views/erp/finance/payment/modules/item-form.vue(138,21): error TS18048: 'row.totalPrice' is possibly 'undefined'.
src/views/erp/finance/payment/modules/item-form.vue(138,38): error TS18048: 'row.paymentPrice' is possibly 'undefined'.
src/views/erp/finance/payment/modules/item-form.vue(159,7): error TS2322: Type 'number | undefined' is not assignable to type 'number'.
  Type 'undefined' is not assignable to type 'number'.
src/views/erp/finance/payment/modules/item-form.vue(161,7): error TS2322: Type 'string | undefined' is not assignable to type 'string'.
  Type 'undefined' is not assignable to type 'string'.
src/views/erp/finance/payment/modules/item-form.vue(163,23): error TS2339: Property 'refundPrice' does not exist on type 'PurchaseReturn'.
src/views/erp/finance/payment/modules/item-form.vue(164,43): error TS2339: Property 'refundPrice' does not exist on type 'PurchaseReturn'.
src/views/erp/finance/payment/modules/item-form.vue(206,10): error TS18048: 'item' is possibly 'undefined'.
src/views/erp/finance/payment/modules/item-form.vue(206,31): error TS18048: 'item' is possibly 'undefined'.
src/views/erp/finance/receipt/modules/item-form.vue(133,7): error TS2322: Type 'number | undefined' is not assignable to type 'number'.
  Type 'undefined' is not assignable to type 'number'.
src/views/erp/finance/receipt/modules/item-form.vue(135,7): error TS2322: Type 'string | undefined' is not assignable to type 'string'.
  Type 'undefined' is not assignable to type 'string'.
src/views/erp/finance/receipt/modules/item-form.vue(136,7): error TS2322: Type 'number | undefined' is not assignable to type 'number'.
  Type 'undefined' is not assignable to type 'number'.
src/views/erp/finance/receipt/modules/item-form.vue(137,27): error TS2339: Property 'receiptPrice' does not exist on type 'SaleOut'.
src/views/erp/finance/receipt/modules/item-form.vue(138,21): error TS18048: 'row.totalPrice' is possibly 'undefined'.
src/views/erp/finance/receipt/modules/item-form.vue(138,42): error TS2339: Property 'receiptPrice' does not exist on type 'SaleOut'.
src/views/erp/finance/receipt/modules/item-form.vue(159,7): error TS2322: Type 'number | undefined' is not assignable to type 'number'.
  Type 'undefined' is not assignable to type 'number'.
src/views/erp/finance/receipt/modules/item-form.vue(161,7): error TS2322: Type 'string | undefined' is not assignable to type 'string'.
  Type 'undefined' is not assignable to type 'string'.
src/views/erp/finance/receipt/modules/item-form.vue(162,20): error TS18048: 'row.totalPrice' is possibly 'undefined'.
src/views/erp/finance/receipt/modules/item-form.vue(163,28): error TS2339: Property 'refundPrice' does not exist on type 'SaleReturn'.
src/views/erp/finance/receipt/modules/item-form.vue(164,22): error TS18048: 'row.totalPrice' is possibly 'undefined'.
src/views/erp/finance/receipt/modules/item-form.vue(164,43): error TS2339: Property 'refundPrice' does not exist on type 'SaleReturn'.
src/views/erp/finance/receipt/modules/item-form.vue(206,10): error TS18048: 'item' is possibly 'undefined'.
src/views/erp/finance/receipt/modules/item-form.vue(206,31): error TS18048: 'item' is possibly 'undefined'.
src/views/erp/home/index.vue(17,7): error TS6133: 'saleChartRef' is declared but its value is never read.
src/views/erp/home/index.vue(18,7): error TS6133: 'purchaseChartRef' is declared but its value is never read.
src/views/erp/purchase/in/modules/item-form.vue(135,58): error TS2339: Property 'seq' does not exist on type '{ count?: number | undefined; id?: number | undefined; orderItemId?: number | undefined; productBarCode?: string | undefined; productId?: number | undefined; productName: string; productPrice: number; ... 9 more ...; inCount?: number | undefined; }'.
src/views/erp/purchase/in/modules/item-form.vue(135,70): error TS2339: Property 'seq' does not exist on type 'PurchaseInItem'.
src/views/erp/purchase/in/modules/item-form.vue(155,58): error TS2339: Property 'seq' does not exist on type '{ count?: number | undefined; id?: number | undefined; orderItemId?: number | undefined; productBarCode?: string | undefined; productId?: number | undefined; productName: string; productPrice: number; ... 9 more ...; inCount?: number | undefined; }'.
src/views/erp/purchase/order/modules/item-form.vue(146,58): error TS2339: Property 'seq' does not exist on type '{ id?: number | undefined; orderId?: number | undefined; productId?: number | undefined; productName?: string | undefined; productBarCode?: string | undefined; productUnitId?: number | undefined; ... 9 more ...; stockCount?: number | undefined; }'.
src/views/erp/purchase/order/modules/item-form.vue(146,70): error TS2339: Property 'seq' does not exist on type 'PurchaseOrderItem'.
src/views/erp/purchase/order/modules/item-form.vue(174,58): error TS2339: Property 'seq' does not exist on type '{ id?: number | undefined; orderId?: number | undefined; productId?: number | undefined; productName?: string | undefined; productBarCode?: string | undefined; productUnitId?: number | undefined; ... 9 more ...; stockCount?: number | undefined; }'.
src/views/erp/purchase/return/modules/item-form.vue(135,58): error TS2339: Property 'seq' does not exist on type '{ count?: number | undefined; id?: number | undefined; orderItemId?: number | undefined; productBarCode?: string | undefined; productId?: number | undefined; productName: string; productPrice: number; ... 8 more ...; warehouseId?: number | undefined; }'.
src/views/erp/purchase/return/modules/item-form.vue(135,70): error TS2339: Property 'seq' does not exist on type 'PurchaseReturnItem'.
src/views/erp/purchase/return/modules/item-form.vue(157,58): error TS2339: Property 'seq' does not exist on type '{ count?: number | undefined; id?: number | undefined; orderItemId?: number | undefined; productBarCode?: string | undefined; productId?: number | undefined; productName: string; productPrice: number; ... 8 more ...; warehouseId?: number | undefined; }'.
src/views/erp/sale/order/modules/item-form.vue(146,58): error TS2339: Property 'seq' does not exist on type '{ id?: number | undefined; orderId?: number | undefined; productId?: number | undefined; productName?: string | undefined; productBarCode?: string | undefined; productUnitId?: number | undefined; ... 9 more ...; stockCount?: number | undefined; }'.
src/views/erp/sale/order/modules/item-form.vue(146,70): error TS2339: Property 'seq' does not exist on type 'SaleOrderItem'.
src/views/erp/sale/order/modules/item-form.vue(173,58): error TS2339: Property 'seq' does not exist on type '{ id?: number | undefined; orderId?: number | undefined; productId?: number | undefined; productName?: string | undefined; productBarCode?: string | undefined; productUnitId?: number | undefined; ... 9 more ...; stockCount?: number | undefined; }'.
src/views/erp/sale/out/modules/item-form.vue(135,58): error TS2339: Property 'seq' does not exist on type '{ count?: number | undefined; id?: number | undefined; orderItemId?: number | undefined; productBarCode?: string | undefined; productId?: number | undefined; productName: string; productPrice: number; ... 9 more ...; outCount?: number | undefined; }'.
src/views/erp/sale/out/modules/item-form.vue(135,70): error TS2339: Property 'seq' does not exist on type 'SaleOutItem'.
src/views/erp/sale/out/modules/item-form.vue(155,58): error TS2339: Property 'seq' does not exist on type '{ count?: number | undefined; id?: number | undefined; orderItemId?: number | undefined; productBarCode?: string | undefined; productId?: number | undefined; productName: string; productPrice: number; ... 9 more ...; outCount?: number | undefined; }'.
src/views/erp/sale/return/modules/item-form.vue(135,58): error TS2339: Property 'seq' does not exist on type '{ count?: number | undefined; id?: number | undefined; orderItemId?: number | undefined; productBarCode?: string | undefined; productId?: number | undefined; productName: string; productPrice: number; ... 9 more ...; returnCount?: number | undefined; }'.
src/views/erp/sale/return/modules/item-form.vue(135,70): error TS2339: Property 'seq' does not exist on type 'SaleReturnItem'.
src/views/erp/sale/return/modules/item-form.vue(155,58): error TS2339: Property 'seq' does not exist on type '{ count?: number | undefined; id?: number | undefined; orderItemId?: number | undefined; productBarCode?: string | undefined; productId?: number | undefined; productName: string; productPrice: number; ... 9 more ...; returnCount?: number | undefined; }'.
src/views/erp/stock/check/modules/item-form.vue(110,58): error TS2339: Property 'seq' does not exist on type '{ id?: number | undefined; warehouseId?: number | undefined; productId?: number | undefined; productName?: string | undefined; productUnitId?: number | undefined; productUnitName?: string | undefined; ... 6 more ...; remark?: string | undefined; }'.
src/views/erp/stock/check/modules/item-form.vue(110,70): error TS2339: Property 'seq' does not exist on type 'StockCheckItem'.
src/views/erp/stock/check/modules/item-form.vue(168,58): error TS2339: Property 'seq' does not exist on type '{ id?: number | undefined; warehouseId?: number | undefined; productId?: number | undefined; productName?: string | undefined; productUnitId?: number | undefined; productUnitName?: string | undefined; ... 6 more ...; remark?: string | undefined; }'.
src/views/erp/stock/in/modules/item-form.vue(102,24): error TS2345: Argument of type '{ id: undefined; warehouseId: undefined; productId: undefined; productUnitName: undefined; productBarCode: undefined; productPrice: undefined; stockCount: undefined; count: number; totalPrice: undefined; remark: undefined; }' is not assignable to parameter of type '{ id?: number | undefined; warehouseId: number; productId: number; productName?: string | undefined; productUnitId?: number | undefined; productUnitName?: string | undefined; productBarCode?: string | undefined; ... 4 more ...; remark?: string | undefined; }'.
  Types of property 'warehouseId' are incompatible.
    Type 'undefined' is not assignable to type 'number'.
src/views/erp/stock/in/modules/item-form.vue(109,58): error TS2339: Property 'seq' does not exist on type '{ id?: number | undefined; warehouseId: number; productId: number; productName?: string | undefined; productUnitId?: number | undefined; productUnitName?: string | undefined; productBarCode?: string | undefined; ... 4 more ...; remark?: string | undefined; }'.
src/views/erp/stock/in/modules/item-form.vue(109,70): error TS2339: Property 'seq' does not exist on type 'StockInItem'.
src/views/erp/stock/in/modules/item-form.vue(154,58): error TS2339: Property 'seq' does not exist on type '{ id?: number | undefined; warehouseId: number; productId: number; productName?: string | undefined; productUnitId?: number | undefined; productUnitName?: string | undefined; productBarCode?: string | undefined; ... 4 more ...; remark?: string | undefined; }'.
src/views/erp/stock/move/modules/item-form.vue(109,58): error TS2339: Property 'seq' does not exist on type '{ count: number; fromWarehouseId?: number | undefined; id?: number | undefined; productBarCode: string; productId?: number | undefined; productName?: string | undefined; productPrice: number; ... 4 more ...; totalPrice?: number | undefined; }'.
src/views/erp/stock/move/modules/item-form.vue(109,70): error TS2339: Property 'seq' does not exist on type 'StockMoveItem'.
src/views/erp/stock/move/modules/item-form.vue(162,58): error TS2339: Property 'seq' does not exist on type '{ count: number; fromWarehouseId?: number | undefined; id?: number | undefined; productBarCode: string; productId?: number | undefined; productName?: string | undefined; productPrice: number; ... 4 more ...; totalPrice?: number | undefined; }'.
src/views/erp/stock/out/modules/item-form.vue(109,58): error TS2339: Property 'seq' does not exist on type '{ id?: number | undefined; warehouseId?: number | undefined; productId?: number | undefined; productName?: string | undefined; productUnitId?: number | undefined; productUnitName?: string | undefined; ... 5 more ...; remark?: string | undefined; }'.
src/views/erp/stock/out/modules/item-form.vue(109,70): error TS2339: Property 'seq' does not exist on type 'StockOutItem'.
src/views/erp/stock/out/modules/item-form.vue(152,58): error TS2339: Property 'seq' does not exist on type '{ id?: number | undefined; warehouseId?: number | undefined; productId?: number | undefined; productName?: string | undefined; productUnitId?: number | undefined; productUnitName?: string | undefined; ... 5 more ...; remark?: string | undefined; }'.
src/views/infra/demo/general/demo01/index.vue(153,26): error TS6133: 'tableToolbarRef' is declared but its value is never read.
src/views/infra/demo/general/demo01/index.vue(153,43): error TS6133: 'tableRef' is declared but its value is never read.
src/views/infra/demo/general/demo02/index.vue(128,26): error TS6133: 'tableToolbarRef' is declared but its value is never read.
src/views/infra/demo/general/demo02/modules/form.vue(128,13): error TS2353: Object literal may only specify known properties, and 'value' does not exist in type 'TreeOptionProps'.
src/views/infra/demo/general/demo03/erp/index.vue(165,26): error TS6133: 'tableToolbarRef' is declared but its value is never read.
src/views/infra/demo/general/demo03/erp/index.vue(165,43): error TS6133: 'tableRef' is declared but its value is never read.
src/views/infra/demo/general/demo03/erp/modules/demo03-course-list.vue(154,26): error TS6133: 'tableToolbarRef' is declared but its value is never read.
src/views/infra/demo/general/demo03/erp/modules/demo03-course-list.vue(154,43): error TS6133: 'tableRef' is declared but its value is never read.
src/views/infra/demo/general/demo03/erp/modules/demo03-grade-list.vue(154,26): error TS6133: 'tableToolbarRef' is declared but its value is never read.
src/views/infra/demo/general/demo03/erp/modules/demo03-grade-list.vue(154,43): error TS6133: 'tableRef' is declared but its value is never read.
src/views/infra/demo/general/demo03/erp/modules/form.vue(121,14): error TS2322: Type 'string | number | boolean' is not assignable to type 'PropertyKey | undefined'.
  Type 'false' is not assignable to type 'PropertyKey | undefined'.
src/views/infra/demo/general/demo03/inner/index.vue(161,26): error TS6133: 'tableToolbarRef' is declared but its value is never read.
src/views/infra/demo/general/demo03/inner/index.vue(161,43): error TS6133: 'tableRef' is declared but its value is never read.
src/views/infra/demo/general/demo03/normal/index.vue(154,26): error TS6133: 'tableToolbarRef' is declared but its value is never read.
src/views/infra/demo/general/demo03/normal/index.vue(154,43): error TS6133: 'tableRef' is declared but its value is never read.
src/views/mall/product/spu/modules/detail.vue(105,43): error TS2551: Property 'getCategorySimpleList' does not exist on type 'typeof import("/Users/xera/GitHub/x-monorepo/apps/web-ele/src/api/mall/product/category/index")'. Did you mean 'getCategoryList'?
src/views/mall/promotion/banner/modules/form.vue(73,7): error TS2740: Type 'Banner' is missing the following properties from type 'User': username, nickname, deptId, postIds, and 6 more.
src/views/mall/promotion/banner/modules/form.vue(75,31): error TS2345: Argument of type 'User | undefined' is not assignable to parameter of type 'Record<string, any>'.
  Type 'undefined' is not assignable to type 'Record<string, any>'.
src/views/mall/promotion/combination/components/showcase.vue(116,28): error TS2339: Property 'picUrl' does not exist on type '{ id?: number | undefined; name?: string | undefined; spuId?: number | undefined; totalLimitCount?: number | undefined; singleLimitCount?: number | undefined; startTime?: Date | undefined; ... 9 more ...; products: { ...; }[]; }'.
src/views/mall/promotion/combination/components/showcase.vue(118,42): error TS2339: Property 'picUrl' does not exist on type '{ id?: number | undefined; name?: string | undefined; spuId?: number | undefined; totalLimitCount?: number | undefined; singleLimitCount?: number | undefined; startTime?: Date | undefined; ... 9 more ...; products: { ...; }[]; }'.
src/views/mall/promotion/components/diy-editor/components/component-container-property.vue(172,28): error TS7053: Element implicitly has an 'any' type because expression of type 'any' can't be used to index type 'ComponentStyle'.
src/views/mall/promotion/components/diy-editor/components/mobile/hot-zone/components/hot-zone-edit-dialog/index.vue(225,21): error TS2698: Spread types may only be created from object types.
src/views/mall/promotion/components/diy-editor/components/mobile/magic-cube/property.vue(41,9): error TS2322: Type 'MagicCubeItemProperty[]' is not assignable to type 'Rect[]'.
  Type 'MagicCubeItemProperty' is missing the following properties from type 'Rect': right, bottom
src/views/mall/promotion/components/diy-editor/components/mobile/navigation-bar/components/cell-property.vue(78,7): error TS2322: Type 'NavigationBarCellProperty[]' is not assignable to type 'Rect[]'.
  Type 'NavigationBarCellProperty' is missing the following properties from type 'Rect': right, bottom
src/views/mall/promotion/components/diy-editor/index.vue(57,7): error TS6133: 'componentLibrary' is declared but its value is never read.
src/views/mall/promotion/point/components/table-select.vue(95,37): error TS2554: Expected 4 arguments, but got 1.
src/views/mall/promotion/point/components/table-select.vue(131,37): error TS2554: Expected 3 arguments, but got 1.
src/views/mall/promotion/seckill/activity/index.vue(141,34): error TS2345: Argument of type 'string' is not assignable to parameter of type 'number'.
src/views/mall/promotion/seckill/activity/index.vue(147,28): error TS2345: Argument of type 'Date | undefined' is not assignable to parameter of type 'string | Date'.
  Type 'undefined' is not assignable to type 'string | Date'.
src/views/mall/promotion/seckill/components/showcase.vue(115,28): error TS2339: Property 'picUrl' does not exist on type '{ id?: number | undefined; spuId?: number | undefined; name?: string | undefined; status?: number | undefined; remark?: string | undefined; startTime?: Date | undefined; endTime?: Date | undefined; ... 10 more ...; products?: { ...; }[] | undefined; }'.
src/views/mall/promotion/seckill/components/showcase.vue(117,42): error TS2339: Property 'picUrl' does not exist on type '{ id?: number | undefined; spuId?: number | undefined; name?: string | undefined; status?: number | undefined; remark?: string | undefined; startTime?: Date | undefined; endTime?: Date | undefined; ... 10 more ...; products?: { ...; }[] | undefined; }'.
src/views/mall/statistics/trade/modules/trend-card.vue(92,5): error TS2322: Type 'string[] | undefined' is not assignable to type '[Date, Date]'.
  Type 'undefined' is not assignable to type '[Date, Date]'.
src/views/mall/trade/delivery/expressTemplate/modules/charge-item-form.vue(152,11): error TS2353: Object literal may only specify known properties, and 'value' does not exist in type 'TreeOptionProps'.
src/views/mall/trade/delivery/expressTemplate/modules/free-item-form.vue(142,11): error TS2353: Object literal may only specify known properties, and 'value' does not exist in type 'TreeOptionProps'.
src/views/mall/trade/delivery/pickUpOrder/data.ts(15,56): error TS2694: Namespace '"/Users/xera/GitHub/x-monorepo/apps/web-ele/src/api/mall/trade/delivery/pickUpStore/index".MallDeliveryPickUpStoreApi' has no exported member 'PickUpStore'.
src/views/mall/trade/delivery/pickUpOrder/data.ts(20,57): error TS7006: Parameter 'item' implicitly has an 'any' type.
src/views/mall/trade/delivery/pickUpOrder/data.ts(132,39): error TS7006: Parameter 'item' implicitly has an 'any' type.
src/views/mall/trade/delivery/pickUpOrder/index.vue(23,34): error TS2694: Namespace '"/Users/xera/GitHub/x-monorepo/apps/web-ele/src/api/mall/trade/order/index".MallOrderApi' has no exported member 'OrderSummary'.
src/views/mp/components/wx-reply/wx-reply.vue(160,33): error TS2322: Type 'NewsType | undefined' is not assignable to type 'NewsType'.
  Type 'undefined' is not assignable to type 'NewsType'.
src/views/mp/freePublish/index.vue(109,30): error TS2339: Property 'newsItem' does not exist on type 'string'.
src/views/mp/freePublish/index.vue(109,54): error TS2339: Property 'newsItem' does not exist on type 'string'.
src/views/mp/freePublish/index.vue(113,49): error TS2339: Property 'newsItem' does not exist on type 'string'.
src/views/mp/freePublish/index.vue(125,30): error TS2339: Property 'newsItem' does not exist on type 'string'.
src/views/mp/freePublish/index.vue(125,54): error TS2339: Property 'newsItem' does not exist on type 'string'.
src/views/mp/freePublish/index.vue(129,49): error TS2339: Property 'newsItem' does not exist on type 'string'.
src/views/pay/app/data.ts(404,11): error TS2769: No overload matches this call.
  The last overload gave the following error.
    Type '{ rows: number; placeholder: string; }' is not assignable to type 'InputProps'.
      Type '{ rows: number; placeholder: string; }' is missing the following properties from type '{ readonly type: EpPropMergeType<(new (...args: any[]) => string) | (() => InputType) | ((new (...args: any[]) => string) | (() => InputType))[], unknown, unknown>; readonly modelValue: string | number | null; ... 12 more ...; readonly wordLimitPosition: EpPropMergeType<...>; }': type, modelValue, tabindex, readonly, and 10 more.
src/views/pay/app/data.ts(425,11): error TS2769: No overload matches this call.
  The last overload gave the following error.
    Type '{ rows: number; placeholder: string; }' is not assignable to type 'InputProps'.
      Type '{ rows: number; placeholder: string; }' is missing the following properties from type '{ readonly type: EpPropMergeType<(new (...args: any[]) => string) | (() => InputType) | ((new (...args: any[]) => string) | (() => InputType))[], unknown, unknown>; readonly modelValue: string | number | null; ... 12 more ...; readonly wordLimitPosition: EpPropMergeType<...>; }': type, modelValue, tabindex, readonly, and 10 more.
src/views/pay/app/data.ts(443,11): error TS2769: No overload matches this call.
  The last overload gave the following error.
    Type '{ rows: number; placeholder: string; }' is not assignable to type 'InputProps'.
      Type '{ rows: number; placeholder: string; }' is missing the following properties from type '{ readonly type: EpPropMergeType<(new (...args: any[]) => string) | (() => InputType) | ((new (...args: any[]) => string) | (() => InputType))[], unknown, unknown>; readonly modelValue: string | number | null; ... 12 more ...; readonly wordLimitPosition: EpPropMergeType<...>; }': type, modelValue, tabindex, readonly, and 10 more.
src/views/pay/app/data.ts(548,11): error TS2769: No overload matches this call.
  The last overload gave the following error.
    Type '{ rows: number; placeholder: string; }' is not assignable to type 'InputProps'.
      Type '{ rows: number; placeholder: string; }' is missing the following properties from type '{ readonly type: EpPropMergeType<(new (...args: any[]) => string) | (() => InputType) | ((new (...args: any[]) => string) | (() => InputType))[], unknown, unknown>; readonly modelValue: string | number | null; ... 12 more ...; readonly wordLimitPosition: EpPropMergeType<...>; }': type, modelValue, tabindex, readonly, and 10 more.
src/views/pay/app/data.ts(584,11): error TS2769: No overload matches this call.
  The last overload gave the following error.
    Type '{ rows: number; placeholder: string; }' is not assignable to type 'InputProps'.
      Type '{ rows: number; placeholder: string; }' is missing the following properties from type '{ readonly type: EpPropMergeType<(new (...args: any[]) => string) | (() => InputType) | ((new (...args: any[]) => string) | (() => InputType))[], unknown, unknown>; readonly modelValue: string | number | null; ... 12 more ...; readonly wordLimitPosition: EpPropMergeType<...>; }': type, modelValue, tabindex, readonly, and 10 more.
src/views/pay/app/data.ts(621,11): error TS2769: No overload matches this call.
  The last overload gave the following error.
    Type '{ rows: number; placeholder: string; }' is not assignable to type 'InputProps'.
      Type '{ rows: number; placeholder: string; }' is missing the following properties from type '{ readonly type: EpPropMergeType<(new (...args: any[]) => string) | (() => InputType) | ((new (...args: any[]) => string) | (() => InputType))[], unknown, unknown>; readonly modelValue: string | number | null; ... 12 more ...; readonly wordLimitPosition: EpPropMergeType<...>; }': type, modelValue, tabindex, readonly, and 10 more.
../../packages/@core/ui-kit/form-ui/src/form-render/form.vue(56,42): error TS6133: 'wrapperRef' is declared but its value is never read.
../../packages/@core/ui-kit/layout-ui/src/components/layout-content.vue(29,9): error TS6133: 'contentElement' is declared but its value is never read.
../../packages/@core/ui-kit/layout-ui/src/components/layout-sidebar.vue(117,7): error TS6133: 'asideRef' is declared but its value is never read.
../../packages/@core/ui-kit/menu-ui/src/components/menu.vue(354,59): error TS18049: 'item' is possibly 'null' or 'undefined'.
../../packages/@core/ui-kit/menu-ui/src/components/menu.vue(354,64): error TS2339: Property 'key' does not exist on type 'string | number | boolean | VNodeArrayChildren | VNode<RendererNode, RendererElement, { [key: string]: any; }>'.
  Property 'key' does not exist on type 'string'.
../../packages/@core/ui-kit/menu-ui/src/components/menu.vue(361,58): error TS18049: 'item' is possibly 'null' or 'undefined'.
../../packages/@core/ui-kit/menu-ui/src/components/menu.vue(361,63): error TS2339: Property 'key' does not exist on type 'string | number | boolean | VNodeArrayChildren | VNode<RendererNode, RendererElement, { [key: string]: any; }>'.
  Property 'key' does not exist on type 'string'.
../../packages/@core/ui-kit/popup-ui/src/drawer/drawer.vue(57,7): error TS6133: 'wrapperRef' is declared but its value is never read.
../../packages/@core/ui-kit/popup-ui/src/modal/modal.vue(53,7): error TS6133: 'wrapperRef' is declared but its value is never read.
../../packages/@core/ui-kit/popup-ui/src/modal/modal.vue(56,7): error TS6133: 'footerRef' is declared but its value is never read.
../../packages/@core/ui-kit/shadcn-ui/src/components/dropdown-menu/dropdown-radio-menu.vue(30,52): error TS2339: Property 'key' does not exist on type 'VbenDropdownMenuItem'.
../../packages/@core/ui-kit/tabs-ui/src/components/tabs-chrome/tabs.vue(31,7): error TS6133: 'contentRef' is declared but its value is never read.
../../packages/@core/ui-kit/tabs-ui/src/components/tabs-chrome/tabs.vue(32,7): error TS6133: 'tabRef' is declared but its value is never read.
../../packages/@core/ui-kit/tabs-ui/src/tabs-view.vue(32,3): error TS6133: 'scrollbarRef' is declared but its value is never read.
../../packages/effects/common-ui/src/components/iframe/iframe.vue(13,7): error TS6133: 'frameRef' is declared but its value is never read.
../../packages/effects/plugins/src/vxe-table/use-vxe-grid.vue(318,3): error TS2589: Type instantiation is excessively deep and possibly infinite.
 ELIFECYCLE  Command failed with exit code 2.
